[2025-10-27 21:54:11] OPEN P9_3-CMS.txt (3 records)
[2025-10-27 22:08:53] OPEN P9_3-cms.txt (3 records)
[2025-10-27 22:19:42] OPEN P9_3-cms.txt (3 records)
[2025-10-27 22:27:54] OPEN P9_3-CMS.txt (3 records)
[2025-10-27 22:29:42] OPEN P9_3-cms.txt (3 records)
[2025-10-27 22:33:12] OPEN p9_3-cms.txt (3 records)
[2025-10-27 22:46:10] OPEN P9_3-cms.txt (3 records)
[2025-10-27 22:47:33] INSERT 2401234 Michelle Lee Information Security 73.2
[2025-10-27 22:52:14] OPEN p9_3-cms.txt (3 records)
[2025-10-27 22:56:57] OPEN p9_3-cms.txt (3 records)
[2025-10-27 22:58:39] INSERT 2401234 Ryan INFORMATION SECURITY 100.0
[2025-10-27 23:00:50] OPEN p9_3-cms.txt (3 records)
[2025-10-27 23:02:14] OPEN p9_3-cms.txt (3 records)
[2025-10-27 23:02:35] INSERT 123 ra qweqwe 1000.0
[2025-10-27 23:16:35] OPEN p9_3-cms.txt (3 records)
[2025-10-27 23:18:14] INSERT 123 ra wew 1.0
[2025-10-27 23:19:22] UNDO
[2025-10-27 23:19:37] SAVE testing
[2025-10-28 16:17:41] SAVE P9_3-CMS.txt
[2025-10-28 16:20:44] OPEN p9_3-cms.txt (3 records)
[2025-10-28 16:20:58] SAVE P9_3-CMS.txt
[2025-10-28 16:25:47] OPEN P9_3-cms.txt (5 records)
[2025-10-28 16:26:18] OPEN P9_3-cms.txt (5 records)
[2025-10-28 16:31:31] OPEN p9_3-cms.txt (3 records)
[2025-10-28 16:31:44] SAVE P9_3-CMS.txt
[2025-10-28 16:33:49] OPEN P9_3-CMS.txt (3 records)
[2025-10-28 16:36:29] SAVE P9_3-CMS.txt
[2025-11-02 23:25:08] OPEN P9_3-CMS.txt (3 records)
[2025-11-02 23:36:47] OPEN P9_3-CMS.txt (3 records)
[2025-11-02 23:39:49] OPEN P9_3-CMS.txt (3 records)
[2025-11-02 23:42:54] OPEN P9_3-CMS.txt (3 records)
[2025-11-02 23:43:53] OPEN p9_3-cms.txt (0 records)
[2025-11-02 23:44:00] OPEN P9_3-CMS.txt (0 records)
[2025-11-02 23:44:17] OPEN p9_3-cms.txt (0 records)
[2025-11-02 23:46:35] OPEN P9_3-CMS.txt (0 records)
[2025-11-02 23:47:28] OPEN p9_3-cms.txt (0 records)
[2025-11-02 23:47:40] OPEN P9_3-CMS.txt (0 records)
[2025-11-02 23:48:49] OPEN P9_3-CMS.TXT (3 records)
[2025-11-02 23:50:04] OPEN p9_3-cms.txt (3 records)
[2025-11-02 23:50:39] INSERT 123456 Ben Dover Information Security 69.0
[2025-11-02 23:51:00] SAVE P9_3-CMS.txt
[2025-11-02 23:51:40] OPEN p9_3-cms.txt (4 records)
[2025-11-02 23:53:24] INSERT 7654321 Ryan Gayyy 1.0
[2025-11-02 23:53:28] UNDO
[2025-11-04 16:15:21] OPEN P9_3-CMS.txt (4 records)
[2025-11-04 16:16:11] UPDATE 2301234
[2025-11-04 16:29:54] OPEN P9_3-CMS.txt (4 records)
[2025-11-04 16:30:24] UPDATE 2301234
[2025-11-04 16:30:29] SAVE P9_3-CMS.txt
[2025-11-04 22:21:32] OPEN P9_3-cms.txt (4 records)
[2025-11-04 22:21:45] DELETE 1234567
[2025-11-04 22:21:50] UNDO
[2025-11-04 22:23:41] OPEN p9_3-cms.txt (4 records)
[2025-11-04 22:24:49] OPEN p9_3-cms.txt (4 records)
[2025-11-04 22:30:39] UPDATE 1234567
[2025-11-04 22:30:42] UNDO
[2025-11-04 22:49:00] OPEN p9_3-cms.txt (4 records)
[2025-11-04 22:56:57] OPEN p9_3-cms.txt (4 records)
[2025-11-04 22:57:04] UPDATE 1234567
[2025-11-04 22:58:45] INSERT 0 
 
 0.0
[2025-11-04 23:04:01] OPEN p9_3-cms.txt (4 records)
[2025-11-04 23:05:36] INSERT 7654321 Harry Pitts Artificial Intelligence  40.0
[2025-11-04 23:08:00] OPEN p9_3-cms.txt (4 records)
[2025-11-04 23:09:25] OPEN p9_3-cms.txt (4 records)
[2025-11-04 23:10:49] OPEN p9_3-cms.txt (4 records)
[2025-11-04 23:10:58] UPDATE 1234567
[2025-11-04 23:18:36] INSERT 7654321 Harry Pitts Artificial Intelligence 40.0
[2025-11-04 23:18:41] SAVE P9_3-CMS.txt
[2025-11-04 23:19:34] OPEN P9_3_cms.exe (0 records)
[2025-11-11 16:29:21] [P9_3-Admin] (Records: 5) OPEN P9_3-CMS.txt (5 records)
[2025-11-11 16:30:44] [P9_3-Admin] (Records: 5) UPDATE 1234567 | "Ben Dover" -> "Ben Doper" | "Information Security" -> "Information Security" | 69.0 -> 69.7
[2025-11-11 16:33:04] [P9_3-Admin] (Records: 5) SAVE P9_3-CMS.txt
[2025-11-11 16:33:51] [P9_3-Admin] (Records: 6) INSERT 9999999 Niner Nine Marketing 99.9
[2025-11-11 16:34:09] [P9_3-Admin] (Records: 6) SAVE P9_3-CMS.txt
[2025-11-11 16:35:43] [P9_3-Admin] (Records: 5) DELETE 9999999
[2025-11-11 16:35:44] [P9_3-Admin] (Records: 5) SAVE P9_3-CMS.txt
[2025-11-11 16:36:09] [P9_3-Admin] (Records: 6) INSERT 8888888 Eighty Eighter Marketing 88.8
[2025-11-11 16:36:12] [P9_3-Admin] (Records: 6) SAVE P9_3-CMS.txt
[2025-11-11 16:39:55] [P9_3-Admin] (Records: 6) OPEN p9_3-CMS.txt (6 records)
[2025-11-11 16:40:28] [P9_3-Admin] (Records: 5) DELETE 8888888 | "Eighty Eighter" | "Marketing" | 88.8
[2025-11-11 16:40:40] [P9_3-Admin] (Records: 5) SAVE P9_3-CMS.txt
[2025-11-11 22:42:12] [P9_3-Admin] (Records: 5) OPEN P9_3-cms.txt (5 records)
[2025-11-11 22:42:57] [P9_3-Admin] (Records: 5) UPDATE 1234567 | "Ben Doper" -> "Ben Dover" | "Information Security" -> "Information Security" | 69.7 -> 69.7
[2025-11-11 22:44:42] [P9_3-Admin] (Records: 4) DELETE 1234567 | "Ben Dover" | "Information Security" | 69.7
[2025-11-11 22:44:43] [P9_3-Admin] (Records: 5) UNDO DELETE (ID 1234567 re-inserted)
[2025-11-11 22:45:06] [P9_3-Admin] (Records: 5) UPDATE 1234567 | "Ben Dover" -> "Ben Dover" | "Information Security" -> "Information Security" | 69.7 -> 99.0
[2025-11-11 22:45:09] [P9_3-Admin] (Records: 5) UNDO UPDATE (ID 1234567 restored)
